<?xml version="1.0" encoding="UTF-8"?>
<!-- Generated by org.testng.reporters.JUnitXMLReporter -->
<testsuite hostname="IBM047-PC062ZK8" ignored="0" name="Default test" tests="6" failures="0" timestamp="14 Feb 2019 01:40:06 GMT" time="47.626" errors="0">
  <testcase name="validAdminLoginTest" time="1.549" classname="com.training.functional.test.CYTC_085MemberPaymentSearchTestNegative"/>
  <testcase name="validMessageTest" time="5.564" classname="com.training.functional.test.CYTC_085MemberPaymentSearchTestNegative"/>
  <testcase name="validMessageLinkTest" time="0.859" classname="com.training.functional.test.CYTC_085MemberPaymentSearchTestNegative"/>
  <testcase name="validMessagedroupdownselectionTest" time="2.279" classname="com.training.functional.test.CYTC_085MemberPaymentSearchTestNegative"/>
  <testcase name="validNewMessageTest" time="0.781" classname="com.training.functional.test.CYTC_085MemberPaymentSearchTestNegative"/>
  <testcase name="validSendMessageTest" time="0.599" classname="com.training.functional.test.CYTC_085MemberPaymentSearchTestNegative"/>
</testsuite> <!-- Default test -->
